b'<th style="width:6em;">#</th>&#13;\n    '
b'<td class="id-cell">&#13;\n                <span class="hiddenSource">176744926</span>&#13;\n    </td>&#13;\n    '
https://codeforces.com/contest/1735/submission/174621153
2022-10-04 15:24:39 https://codeforces.com/contest/1735/problem/E 1735E E-HousePlanning 1735
./1735 1735E-E-HousePlanning
https://codeforces.com/contest/1735/submission/174613574
2022-10-04 14:09:00 https://codeforces.com/contest/1735/problem/D 1735D D-Meta-set 1735
./1735 1735D-D-Meta-set
https://codeforces.com/contest/1735/submission/174611335
2022-10-04 13:44:41 https://codeforces.com/contest/1735/problem/C 1735C C-PhaseShift 1735
./1735 1735C-C-PhaseShift
https://codeforces.com/contest/1735/submission/174601910
2022-10-04 12:03:54 https://codeforces.com/contest/1735/problem/B 1735B B-TeawithTangerines 1735
./1735 1735B-B-TeawithTangerines
https://codeforces.com/contest/1735/submission/174599332
2022-10-04 11:40:25 https://codeforces.com/contest/1735/problem/A 1735A A-WorkingWeek 1735
./1735 1735A-A-WorkingWeek
https://codeforces.com/contest/1738/submission/174164793
2022-09-30 21:33:12 https://codeforces.com/contest/1738/problem/H 1738H H-PalindromeAddicts 1738
./1738 1738H-H-PalindromeAddicts
https://codeforces.com/contest/1738/submission/174128081
2022-09-30 18:53:11 https://codeforces.com/contest/1738/problem/G 1738G G-Anti-IncreasingAddicts 1738
./1738 1738G-G-Anti-IncreasingAddicts
https://codeforces.com/contest/1738/submission/174110581
2022-09-30 18:17:16 https://codeforces.com/contest/1738/problem/F 1738F F-ConnectivityAddicts 1738
./1738 1738F-F-ConnectivityAddicts
https://codeforces.com/contest/1738/submission/174103958
2022-09-30 18:05:59 https://codeforces.com/contest/1738/problem/E 1738E E-BalanceAddicts 1738
./1738 1738E-E-BalanceAddicts
https://codeforces.com/contest/1738/submission/174100935
2022-09-30 18:01:00 https://codeforces.com/contest/1738/problem/D 1738D D-PermutationAddicts 1738
./1738 1738D-D-PermutationAddicts
https://codeforces.com/contest/1738/submission/174095904
2022-09-30 17:52:21 https://codeforces.com/contest/1738/problem/C 1738C C-EvenNumberAddicts 1738
./1738 1738C-C-EvenNumberAddicts
https://codeforces.com/contest/1738/submission/174092439
2022-09-30 17:46:02 https://codeforces.com/contest/1738/problem/B 1738B B-PrefixSumAddicts 1738
./1738 1738B-B-PrefixSumAddicts
https://codeforces.com/contest/1738/submission/174090812
2022-09-30 17:41:50 https://codeforces.com/contest/1738/problem/A 1738A A-GloryAddicts 1738
./1738 1738A-A-GloryAddicts
https://codeforces.com/contest/1739/submission/173978555
2022-09-29 18:39:42 https://codeforces.com/contest/1739/problem/F 1739F F-KeyboardDesign 1739
./1739 1739F-F-KeyboardDesign
https://codeforces.com/contest/1739/submission/173970277
2022-09-29 18:20:25 https://codeforces.com/contest/1739/problem/E 1739E E-CleaningRobot 1739
./1739 1739E-E-CleaningRobot
https://codeforces.com/contest/1739/submission/173966040
2022-09-29 18:12:03 https://codeforces.com/contest/1739/problem/D 1739D D-ResetKEdges 1739
./1739 1739D-D-ResetKEdges
https://codeforces.com/contest/1739/submission/173961377
2022-09-29 18:04:20 https://codeforces.com/contest/1739/problem/C 1739C C-CardGame 1739
./1739 1739C-C-CardGame
https://codeforces.com/contest/1739/submission/173954918
2022-09-29 17:55:29 https://codeforces.com/contest/1739/problem/B 1739B B-ArrayRecovery 1739
./1739 1739B-B-ArrayRecovery
https://codeforces.com/contest/1739/submission/173952986
2022-09-29 17:53:22 https://codeforces.com/contest/1739/problem/A 1739A A-ImmobileKnight 1739
./1739 1739A-A-ImmobileKnight
https://codeforces.com/contest/1719/submission/173915085
2022-09-29 14:44:50 https://codeforces.com/contest/1719/problem/C 1719C C-FightingTournament 1719
./1719 1719C-C-FightingTournament
https://codeforces.com/contest/1719/submission/173914578
2022-09-29 14:39:30 https://codeforces.com/contest/1719/problem/B 1719B B-MathematicalCircus 1719
./1719 1719B-B-MathematicalCircus
https://codeforces.com/contest/1719/submission/173914018
2022-09-29 14:33:55 https://codeforces.com/contest/1719/problem/A 1719A A-ChipGame 1719
./1719 1719A-A-ChipGame
https://codeforces.com/contest/1718/submission/173812548
2022-09-28 15:31:54 https://codeforces.com/contest/1718/problem/F 1718F F-Burenka,anArrayandQueries 1718
./1718 1718F-F-Burenka,anArrayandQueries
https://codeforces.com/contest/1718/submission/173812098
2022-09-28 15:27:45 https://codeforces.com/contest/1718/problem/F 1718F F-Burenka,anArrayandQueries 1718
./1718 1718F-F-Burenka,anArrayandQueries
already exists, continue
https://codeforces.com/contest/1718/submission/173790812
2022-09-28 11:42:12 https://codeforces.com/contest/1718/problem/E 1718E E-Impressionism 1718
./1718 1718E-E-Impressionism
https://codeforces.com/contest/1726/submission/173790631
2022-09-28 11:40:25 https://codeforces.com/contest/1726/problem/H 1726H H-MainakandtheBleedingPolygon 1726
./1726 1726H-H-MainakandtheBleedingPolygon
https://codeforces.com/contest/1730/submission/173487475
2022-09-25 19:21:31 https://codeforces.com/contest/1730/problem/E 1730E E-MaximumsandMinimums 1730
./1730 1730E-E-MaximumsandMinimums
https://codeforces.com/contest/1730/submission/173479451
2022-09-25 18:59:36 https://codeforces.com/contest/1730/problem/F 1730F F-AlmostSorted 1730
./1730 1730F-F-AlmostSorted
https://codeforces.com/contest/1730/submission/173465568
2022-09-25 18:24:52 https://codeforces.com/contest/1730/problem/D 1730D D-PrefixesandSuffixes 1730
./1730 1730D-D-PrefixesandSuffixes
https://codeforces.com/contest/1730/submission/173458960
2022-09-25 18:08:55 https://codeforces.com/contest/1730/problem/C 1730C C-MinimumNotation 1730
./1730 1730C-C-MinimumNotation
https://codeforces.com/contest/1730/submission/173457392
2022-09-25 18:05:20 https://codeforces.com/contest/1730/problem/B 1730B B-MeetingontheLine 1730
./1730 1730B-B-MeetingontheLine
https://codeforces.com/contest/1730/submission/173452984
2022-09-25 17:55:11 https://codeforces.com/contest/1730/problem/A 1730A A-Planets 1730
./1730 1730A-A-Planets
https://codeforces.com/contest/1734/submission/173195655
2022-09-23 15:57:41 https://codeforces.com/contest/1734/problem/F 1734F F-ZerosandOnes 1734
./1734 1734F-F-ZerosandOnes
https://codeforces.com/contest/1734/submission/173191699
2022-09-23 15:48:51 https://codeforces.com/contest/1734/problem/E 1734E E-RectangularCongruence 1734
./1734 1734E-E-RectangularCongruence
https://codeforces.com/contest/1734/submission/173189581
2022-09-23 15:44:37 https://codeforces.com/contest/1734/problem/D 1734D D-SlimeEscape 1734
./1734 1734D-D-SlimeEscape
https://codeforces.com/contest/1734/submission/173184109
2022-09-23 15:34:01 https://codeforces.com/contest/1734/problem/C 1734C C-RemovingSmallestMultiples 1734
./1734 1734C-C-RemovingSmallestMultiples
https://codeforces.com/contest/1734/submission/173182545
2022-09-23 15:31:21 https://codeforces.com/contest/1734/problem/B 1734B B-Bright,Nice,Brilliant 1734
./1734 1734B-B-Bright,Nice,Brilliant
https://codeforces.com/contest/1734/submission/173182389
2022-09-23 15:31:03 https://codeforces.com/contest/1734/problem/A 1734A A-SelectThreeSticks 1734
./1734 1734A-A-SelectThreeSticks
https://codeforces.com/contest/1511/submission/173050905
2022-09-22 14:19:51 https://codeforces.com/contest/1511/problem/E 1511E E-ColoringsandDominoes 1511
./1511 1511E-E-ColoringsandDominoes
https://codeforces.com/contest/1511/submission/173048713
2022-09-22 13:59:15 https://codeforces.com/contest/1511/problem/D 1511D D-MinCostString 1511
./1511 1511D-D-MinCostString
https://codeforces.com/contest/1733/submission/172701163
2022-09-19 18:26:13 https://codeforces.com/contest/1733/problem/E 1733E E-Conveyor 1733
./1733 1733E-E-Conveyor
https://codeforces.com/contest/1733/submission/172683415
2022-09-19 17:59:22 https://codeforces.com/contest/1733/problem/D2 1733D2 D2-Zero-One(HardVersion) 1733D
./1733D 1733D2-D2-Zero-One(HardVersion)
https://codeforces.com/contest/1733/submission/172679703
2022-09-19 17:54:11 https://codeforces.com/contest/1733/problem/D1 1733D1 D1-Zero-One(EasyVersion) 1733D
./1733D 1733D1-D1-Zero-One(EasyVersion)
https://codeforces.com/contest/1733/submission/172674004
2022-09-19 17:46:19 https://codeforces.com/contest/1733/problem/C 1733C C-ParityShuffleSorting 1733
./1733 1733C-C-ParityShuffleSorting
https://codeforces.com/contest/1733/submission/172670014
2022-09-19 17:40:46 https://codeforces.com/contest/1733/problem/B 1733B B-RuleofLeague 1733
./1733 1733B-B-RuleofLeague
https://codeforces.com/contest/1733/submission/172667739
2022-09-19 17:37:51 https://codeforces.com/contest/1733/problem/A 1733A A-ConsecutiveSum 1733
./1733 1733A-A-ConsecutiveSum
https://codeforces.com/contest/1729/submission/171868345
2022-09-12 18:04:03 https://codeforces.com/contest/1729/problem/G 1729G G-CutSubstrings 1729
./1729 1729G-G-CutSubstrings
https://codeforces.com/contest/1729/submission/171861390
2022-09-12 17:56:42 https://codeforces.com/contest/1729/problem/F 1729F F-KireiandtheLinearFunction 1729
./1729 1729F-F-KireiandtheLinearFunction
https://codeforces.com/contest/1729/submission/171854065
2022-09-12 17:49:50 https://codeforces.com/contest/1729/problem/E 1729E E-GuesstheCycleSize 1729
./1729 1729E-E-GuesstheCycleSize
https://codeforces.com/contest/1729/submission/171849182
2022-09-12 17:45:58 https://codeforces.com/contest/1729/problem/D 1729D D-FriendsandtheRestaurant 1729
./1729 1729D-D-FriendsandtheRestaurant
https://codeforces.com/contest/1729/submission/171845164
2022-09-12 17:43:13 https://codeforces.com/contest/1729/problem/C 1729C C-JumpingonTiles 1729
./1729 1729C-C-JumpingonTiles
https://codeforces.com/contest/1729/submission/171839018
2022-09-12 17:39:45 https://codeforces.com/contest/1729/problem/B 1729B B-DecodeString 1729
./1729 1729B-B-DecodeString
https://codeforces.com/contest/1729/submission/171834616
2022-09-12 17:36:39 https://codeforces.com/contest/1729/problem/A 1729A A-TwoElevators 1729
./1729 1729A-A-TwoElevators
https://codeforces.com/contest/1728/submission/171477755
2022-09-09 10:26:22 https://codeforces.com/contest/1728/problem/F 1728F F-Fishermen 1728
./1728 1728F-F-Fishermen
https://codeforces.com/contest/1728/submission/171477598
2022-09-09 10:24:18 https://codeforces.com/contest/1728/problem/F 1728F F-Fishermen 1728
./1728 1728F-F-Fishermen
already exists, continue
https://codeforces.com/contest/1728/submission/171408910
2022-09-08 19:00:48 https://codeforces.com/contest/1728/problem/G 1728G G-Illumination 1728
./1728 1728G-G-Illumination
https://codeforces.com/contest/1728/submission/171380478
2022-09-08 18:08:30 https://codeforces.com/contest/1728/problem/E 1728E E-Red-BlackPepper 1728
./1728 1728E-E-Red-BlackPepper
https://codeforces.com/contest/1728/submission/171370163
2022-09-08 17:56:16 https://codeforces.com/contest/1728/problem/D 1728D D-LetterPicking 1728
./1728 1728D-D-LetterPicking
https://codeforces.com/contest/1728/submission/171357376
2022-09-08 17:44:25 https://codeforces.com/contest/1728/problem/C 1728C C-DigitalLogarithm 1728
./1728 1728C-C-DigitalLogarithm
https://codeforces.com/contest/1728/submission/171353484
2022-09-08 17:41:32 https://codeforces.com/contest/1728/problem/B 1728B B-BestPermutation 1728
./1728 1728B-B-BestPermutation
https://codeforces.com/contest/1728/submission/171348074
2022-09-08 17:38:15 https://codeforces.com/contest/1728/problem/A 1728A A-ColoredBalls:Revisited 1728
./1728 1728A-A-ColoredBalls:Revisited
https://codeforces.com/contest/1726/submission/171187552
2022-09-07 06:04:51 https://codeforces.com/contest/1726/problem/G 1726G G-ACertainMagicalParty 1726
./1726 1726G-G-ACertainMagicalParty
https://codeforces.com/contest/1726/submission/171141010
2022-09-06 19:26:11 https://codeforces.com/contest/1726/problem/G 1726G G-ACertainMagicalParty 1726
./1726 1726G-G-ACertainMagicalParty
already exists, continue
https://codeforces.com/contest/1726/submission/171113439
2022-09-06 18:31:25 https://codeforces.com/contest/1726/problem/F 1726F F-LateForWork(submissionsarenotallowed) 1726
./1726 1726F-F-LateForWork(submissionsarenotallowed)
https://codeforces.com/contest/1726/submission/171092673
2022-09-06 18:04:01 https://codeforces.com/contest/1726/problem/E 1726E E-AlmostPerfect 1726
./1726 1726E-E-AlmostPerfect
https://codeforces.com/contest/1726/submission/171085018
2022-09-06 17:55:54 https://codeforces.com/contest/1726/problem/D 1726D D-EdgeSplit 1726
./1726 1726D-D-EdgeSplit
https://codeforces.com/contest/1726/submission/171072071
2022-09-06 17:43:47 https://codeforces.com/contest/1726/problem/C 1726C C-Jatayu'sBalancedBracketSequence 1726
./1726 1726C-C-Jatayu'sBalancedBracketSequence
https://codeforces.com/contest/1726/submission/171068756
2022-09-06 17:40:47 https://codeforces.com/contest/1726/problem/B 1726B B-MainakandInterestingSequence 1726
./1726 1726B-B-MainakandInterestingSequence
https://codeforces.com/contest/1726/submission/171065880
2022-09-06 17:38:04 https://codeforces.com/contest/1726/problem/A 1726A A-MainakandArray 1726
./1726 1726A-A-MainakandArray
https://codeforces.com/contest/1725/submission/170875829
2022-09-04 20:03:23 https://codeforces.com/contest/1725/problem/I 1725I I-ImitatingtheKeyTree 1725
./1725 1725I-I-ImitatingtheKeyTree
https://codeforces.com/contest/1725/submission/170871656
2022-09-04 19:25:45 https://codeforces.com/contest/1725/problem/D 1725D D-DeducingSortability 1725
./1725 1725D-D-DeducingSortability
https://codeforces.com/contest/1725/submission/170866418
2022-09-04 18:42:01 https://codeforces.com/contest/1725/problem/E 1725E E-ElectricalEfficiency 1725
./1725 1725E-E-ElectricalEfficiency
https://codeforces.com/contest/1725/submission/170862778
2022-09-04 18:13:27 https://codeforces.com/contest/1725/problem/J 1725J J-Journey 1725
./1725 1725J-J-Journey
https://codeforces.com/contest/1725/submission/170858675
2022-09-04 17:45:02 https://codeforces.com/contest/1725/problem/K 1725K K-KingdomofCriticism 1725
./1725 1725K-K-KingdomofCriticism
https://codeforces.com/contest/1519/submission/161927828
2022-06-27 11:35:45 https://codeforces.com/contest/1519/problem/D 1519D D-MaximumSumofProducts 1519
./1519 1519D-D-MaximumSumofProducts
https://codeforces.com/contest/1519/submission/161927508
2022-06-27 11:32:33 https://codeforces.com/contest/1519/problem/C 1519C C-BerlandRegional 1519
./1519 1519C-C-BerlandRegional
https://codeforces.com/contest/1519/submission/161927090
2022-06-27 11:28:15 https://codeforces.com/contest/1519/problem/B 1519B B-TheCakeIsaLie 1519
./1519 1519B-B-TheCakeIsaLie
https://codeforces.com/contest/1519/submission/161926784
2022-06-27 11:25:20 https://codeforces.com/contest/1519/problem/A 1519A A-RedandBlueBeans 1519
./1519 1519A-A-RedandBlueBeans
https://codeforces.com/contest/1694/submission/161926444
2022-06-27 11:21:45 https://codeforces.com/contest/1694/problem/B 1694B B-ParanoidString 1694
./1694 1694B-B-ParanoidString
https://codeforces.com/contest/1694/submission/161925914
2022-06-27 11:15:56 https://codeforces.com/contest/1694/problem/A 1694A A-Creep 1694
./1694 1694A-A-Creep
https://codeforces.com/contest/1525/submission/161925533
